0 info it worked if it ends with ok
1 verbose cli [ '/usr/local/bin/node',
1 verbose cli   '/usr/local/bin/npm',
1 verbose cli   'install',
1 verbose cli   '-g',
1 verbose cli   'grunt-cli' ]
2 info using npm@2.15.5
3 info using node@v4.4.5
4 verbose install initial load of /usr/local/lib/package.json
5 verbose readDependencies loading dependencies from /usr/local/lib/package.json
6 silly cache add args [ 'grunt-cli', null ]
7 verbose cache add spec grunt-cli
8 silly cache add parsed spec Result {
8 silly cache add   raw: 'grunt-cli',
8 silly cache add   scope: null,
8 silly cache add   name: 'grunt-cli',
8 silly cache add   rawSpec: '',
8 silly cache add   spec: 'latest',
8 silly cache add   type: 'tag' }
9 silly addNamed grunt-cli@latest
10 verbose addNamed "latest" is being treated as a dist-tag for grunt-cli
11 info addNameTag [ 'grunt-cli', 'latest' ]
12 silly mapToRegistry name grunt-cli
13 silly mapToRegistry using default registry
14 silly mapToRegistry registry https://registry.npmjs.org/
15 silly mapToRegistry data Result {
15 silly mapToRegistry   raw: 'grunt-cli',
15 silly mapToRegistry   scope: null,
15 silly mapToRegistry   name: 'grunt-cli',
15 silly mapToRegistry   rawSpec: '',
15 silly mapToRegistry   spec: 'latest',
15 silly mapToRegistry   type: 'tag' }
16 silly mapToRegistry uri https://registry.npmjs.org/grunt-cli
17 verbose addNameTag registry:https://registry.npmjs.org/grunt-cli not in flight; fetching
18 verbose request uri https://registry.npmjs.org/grunt-cli
19 verbose request no auth needed
20 info attempt registry request try #1 at 8:01:08 PM
21 verbose request id 08f3f6a618da6a43
22 verbose etag W/"58b2b0b5-7f0d"
23 verbose lastModified Sun, 26 Feb 2017 10:40:53 GMT
24 http request GET https://registry.npmjs.org/grunt-cli
25 http 304 https://registry.npmjs.org/grunt-cli
26 verbose headers { date: 'Mon, 27 Feb 2017 03:01:09 GMT',
26 verbose headers   via: '1.1 varnish',
26 verbose headers   'cache-control': 'max-age=300',
26 verbose headers   etag: 'W/"58b2b0b5-7f0d"',
26 verbose headers   age: '230',
26 verbose headers   connection: 'keep-alive',
26 verbose headers   'x-served-by': 'cache-den6020-DEN',
26 verbose headers   'x-cache': 'HIT',
26 verbose headers   'x-cache-hits': '1',
26 verbose headers   'x-timer': 'S1488164469.267175,VS0,VE0',
26 verbose headers   vary: 'Accept-Encoding' }
27 silly get cb [ 304,
27 silly get   { date: 'Mon, 27 Feb 2017 03:01:09 GMT',
27 silly get     via: '1.1 varnish',
27 silly get     'cache-control': 'max-age=300',
27 silly get     etag: 'W/"58b2b0b5-7f0d"',
27 silly get     age: '230',
27 silly get     connection: 'keep-alive',
27 silly get     'x-served-by': 'cache-den6020-DEN',
27 silly get     'x-cache': 'HIT',
27 silly get     'x-cache-hits': '1',
27 silly get     'x-timer': 'S1488164469.267175,VS0,VE0',
27 silly get     vary: 'Accept-Encoding' } ]
28 verbose etag https://registry.npmjs.org/grunt-cli from cache
29 verbose get saving grunt-cli to /Users/azucenamartinez/.npm/registry.npmjs.org/grunt-cli/.cache.json
30 verbose correctMkdir /Users/azucenamartinez/.npm correctMkdir not in flight; initializing
31 silly addNameTag next cb for grunt-cli with tag latest
32 silly addNamed grunt-cli@1.2.0
33 verbose addNamed "1.2.0" is a plain semver version for grunt-cli
34 silly mapToRegistry name grunt-cli
35 silly mapToRegistry using default registry
36 silly mapToRegistry registry https://registry.npmjs.org/
37 silly mapToRegistry data Result {
37 silly mapToRegistry   raw: 'grunt-cli',
37 silly mapToRegistry   scope: null,
37 silly mapToRegistry   name: 'grunt-cli',
37 silly mapToRegistry   rawSpec: '',
37 silly mapToRegistry   spec: 'latest',
37 silly mapToRegistry   type: 'tag' }
38 silly mapToRegistry uri https://registry.npmjs.org/grunt-cli
39 verbose addRemoteTarball https://registry.npmjs.org/grunt-cli/-/grunt-cli-1.2.0.tgz not in flight; adding
40 verbose addRemoteTarball [ 'https://registry.npmjs.org/grunt-cli/-/grunt-cli-1.2.0.tgz',
40 verbose addRemoteTarball   '562b119ebb069ddb464ace2845501be97b35b6a8' ]
41 info retry fetch attempt 1 at 8:01:09 PM
42 info attempt registry request try #1 at 8:01:09 PM
43 http fetch GET https://registry.npmjs.org/grunt-cli/-/grunt-cli-1.2.0.tgz
44 http fetch 200 https://registry.npmjs.org/grunt-cli/-/grunt-cli-1.2.0.tgz
45 silly fetchAndShaCheck shasum 562b119ebb069ddb464ace2845501be97b35b6a8
46 verbose addTmpTarball /var/folders/z2/d6vy0x6x0ws5nzlyjjk43b7w0000gn/T/npm-4987-146c00b1/registry.npmjs.org/grunt-cli/-/grunt-cli-1.2.0.tgz not in flight; adding
47 verbose addTmpTarball already have metadata; skipping unpack for grunt-cli@1.2.0
48 verbose correctMkdir /Users/azucenamartinez/.npm correctMkdir not in flight; initializing
49 silly cache afterAdd grunt-cli@1.2.0
50 verbose afterAdd /Users/azucenamartinez/.npm/grunt-cli/1.2.0/package/package.json not in flight; writing
51 verbose correctMkdir /Users/azucenamartinez/.npm correctMkdir not in flight; initializing
52 verbose afterAdd /Users/azucenamartinez/.npm/grunt-cli/1.2.0/package/package.json written
53 silly install resolved [ { name: 'grunt-cli',
53 silly install resolved     description: 'The grunt command line interface',
53 silly install resolved     version: '1.2.0',
53 silly install resolved     author:
53 silly install resolved      { name: 'Grunt Development Team',
53 silly install resolved        url: 'http://gruntjs.com/development-team' },
53 silly install resolved     repository:
53 silly install resolved      { type: 'git',
53 silly install resolved        url: 'git+https://github.com/gruntjs/grunt-cli.git' },
53 silly install resolved     license: 'MIT',
53 silly install resolved     engines: { node: '>=0.10.0' },
53 silly install resolved     scripts: { test: 'node bin/grunt test' },
53 silly install resolved     bin: { grunt: 'bin/grunt' },
53 silly install resolved     dependencies:
53 silly install resolved      { 'findup-sync': '~0.3.0',
53 silly install resolved        'grunt-known-options': '~1.1.0',
53 silly install resolved        nopt: '~3.0.6',
53 silly install resolved        resolve: '~1.1.0' },
53 silly install resolved     devDependencies: { grunt: '~0.4.5', 'grunt-contrib-jshint': '~1.0.0' },
53 silly install resolved     files: [ 'bin', 'completion', 'lib' ],
53 silly install resolved     appveyor_id: 'prp6g944b05jsq6d',
53 silly install resolved     contributors: [ [Object], [Object], [Object], [Object] ],
53 silly install resolved     gitHead: 'edd8bd29a72f2f28b63fe2629fcb7b9d9f2feb46',
53 silly install resolved     bugs: { url: 'https://github.com/gruntjs/grunt-cli/issues' },
53 silly install resolved     homepage: 'https://github.com/gruntjs/grunt-cli#readme',
53 silly install resolved     _id: 'grunt-cli@1.2.0',
53 silly install resolved     _shasum: '562b119ebb069ddb464ace2845501be97b35b6a8',
53 silly install resolved     _from: 'grunt-cli@latest',
53 silly install resolved     _npmVersion: '3.8.2',
53 silly install resolved     _nodeVersion: '4.2.3',
53 silly install resolved     _npmUser: { name: 'vladikoff', email: 'vlad@vladikoff.com' },
53 silly install resolved     dist:
53 silly install resolved      { shasum: '562b119ebb069ddb464ace2845501be97b35b6a8',
53 silly install resolved        tarball: 'https://registry.npmjs.org/grunt-cli/-/grunt-cli-1.2.0.tgz' },
53 silly install resolved     maintainers: [ [Object], [Object], [Object], [Object] ],
53 silly install resolved     _npmOperationalInternal:
53 silly install resolved      { host: 'packages-12-west.internal.npmjs.com',
53 silly install resolved        tmp: 'tmp/grunt-cli-1.2.0.tgz_1459558434299_0.8824446983635426' },
53 silly install resolved     directories: {},
53 silly install resolved     _resolved: 'https://registry.npmjs.org/grunt-cli/-/grunt-cli-1.2.0.tgz' } ]
54 info install grunt-cli@1.2.0 into /usr/local/lib
55 info installOne grunt-cli@1.2.0
56 verbose installOne of grunt-cli to /usr/local/lib not in flight; installing
57 verbose correctMkdir /Users/azucenamartinez/.npm/_locks correctMkdir not in flight; initializing
58 verbose lock using /Users/azucenamartinez/.npm/_locks/grunt-cli-58f484dab06f0a30.lock for /usr/local/lib/node_modules/grunt-cli
59 silly install write writing grunt-cli 1.2.0 to /usr/local/lib/node_modules/grunt-cli
60 verbose unbuild lib/node_modules/grunt-cli
61 silly gentlyRm /usr/local/lib/node_modules/grunt-cli is being purged from base /usr/local
62 verbose gentlyRm don't care about contents; nuking /usr/local/lib/node_modules/grunt-cli
63 verbose tar unpack /Users/azucenamartinez/.npm/grunt-cli/1.2.0/package.tgz
64 verbose tar unpacking to /usr/local/lib/node_modules/grunt-cli
65 silly gentlyRm /usr/local/lib/node_modules/grunt-cli is being purged
66 verbose gentlyRm don't care about contents; nuking /usr/local/lib/node_modules/grunt-cli
67 silly gunzTarPerm modes [ '755', '644' ]
68 error tar.unpack untar error /Users/azucenamartinez/.npm/grunt-cli/1.2.0/package.tgz
69 verbose unlock done using /Users/azucenamartinez/.npm/_locks/grunt-cli-58f484dab06f0a30.lock for /usr/local/lib/node_modules/grunt-cli
70 verbose fstream_path /usr/local/lib/node_modules/grunt-cli
71 verbose fstream_type Directory
72 verbose fstream_class DirWriter
73 verbose stack Error: EACCES: permission denied, mkdir '/usr/local/lib/node_modules/grunt-cli'
73 verbose stack     at Error (native)
74 verbose fstream_stack /usr/local/lib/node_modules/npm/node_modules/fstream/lib/dir-writer.js:35:25
74 verbose fstream_stack /usr/local/lib/node_modules/npm/node_modules/mkdirp/index.js:47:53
74 verbose fstream_stack FSReqWrap.oncomplete (fs.js:82:15)
75 verbose cwd /Users/azucenamartinez/Projects/bloc-jams-angular
76 error Darwin 15.6.0
77 error argv "/usr/local/bin/node" "/usr/local/bin/npm" "install" "-g" "grunt-cli"
78 error node v4.4.5
79 error npm  v2.15.5
80 error path /usr/local/lib/node_modules/grunt-cli
81 error code EACCES
82 error errno -13
83 error syscall mkdir
84 error Error: EACCES: permission denied, mkdir '/usr/local/lib/node_modules/grunt-cli'
84 error     at Error (native)
84 error  { [Error: EACCES: permission denied, mkdir '/usr/local/lib/node_modules/grunt-cli']
84 error   errno: -13,
84 error   code: 'EACCES',
84 error   syscall: 'mkdir',
84 error   path: '/usr/local/lib/node_modules/grunt-cli',
84 error   fstream_type: 'Directory',
84 error   fstream_path: '/usr/local/lib/node_modules/grunt-cli',
84 error   fstream_class: 'DirWriter',
84 error   fstream_stack:
84 error    [ '/usr/local/lib/node_modules/npm/node_modules/fstream/lib/dir-writer.js:35:25',
84 error      '/usr/local/lib/node_modules/npm/node_modules/mkdirp/index.js:47:53',
84 error      'FSReqWrap.oncomplete (fs.js:82:15)' ] }
85 error Please try running this command again as root/Administrator.
86 verbose exit [ -13, true ]
87 verbose unbuild lib/node_modules/grunt-cli
88 silly gentlyRm /usr/local/lib/node_modules/grunt-cli is being purged from base /usr/local
89 verbose gentlyRm don't care about contents; nuking /usr/local/lib/node_modules/grunt-cli
